LadkrabangCountry-Master/app/build/outputs/logs/manifest-merger-debug-report.txt
-- Merging decision tree log ---
manifest
ADDED from src\main\AndroidManifest.xml:2:1-168:12
	package
		ADDED from src\main\AndroidManifest.xml:3:5-53
		INJECTED from src\main\AndroidManifest.xml
		INJECTED from src\main\AndroidManifest.xml
	android:versionName
		INJECTED from src\main\AndroidManifest.xml
		INJECTED from src\main\AndroidManifest.xml
	xmlns:android
		ADDED from src\main\AndroidManifest.xml:2:11-69
	android:versionCode
		INJECTED from src\main\AndroidManifest.xml
		INJECTED from src\main\AndroidManifest.xml
uses-permission#android.permission.INTERNET
ADDED from src\main\AndroidManifest.xml:5:5-67
MERGED from [com.google.android.gms:play-services-maps:8.1.0] AndroidManifest.xml:21:5-66
	android:name
		ADDED from src\main\AndroidManifest.xml:5:22-64
uses-permission#android.permission.ACCESS_NETWORK_STATE
ADDED from src\main\AndroidManifest.xml:6:5-79
MERGED from [com.google.android.gms:play-services-maps:8.1.0] AndroidManifest.xml:20:5-78
	android:name
		ADDED from src\main\AndroidManifest.xml:6:22-76
uses-permission#android.permission.WRITE_EXTERNAL_STORAGE
ADDED from src\main\AndroidManifest.xml:7:5-81
MERGED from [com.google.android.gms:play-services-maps:8.1.0] AndroidManifest.xml:22:5-80
	android:name
		ADDED from src\main\AndroidManifest.xml:7:22-78
uses-permission#com.google.android.providers.gsf.permission.READ_GSERVICES
ADDED from src\main\AndroidManifest.xml:8:5-98
	android:name
		ADDED from src\main\AndroidManifest.xml:8:22-95
uses-permission#android.permission.ACCESS_COARSE_LOCATION
ADDED from src\main\AndroidManifest.xml:14:5-81
	android:name
		ADDED from src\main\AndroidManifest.xml:14:22-78
uses-permission#android.permission.ACCESS_FINE_LOCATION
ADDED from src\main\AndroidManifest.xml:15:5-79
	android:name
		ADDED from src\main\AndroidManifest.xml:15:22-76
application
ADDED from src\main\AndroidManifest.xml:17:5-166:19
MERGED from [com.google.android.gms:play-services-maps:8.1.0] AndroidManifest.xml:28:5-20
MERGED from [com.google.android.gms:play-services-basement:8.1.0] AndroidManifest.xml:20:5-24:19
MERGED from [com.android.support:support-v4:23.1.0] AndroidManifest.xml:22:5-20
MERGED from [com.android.support:appcompat-v7:23.1.0] AndroidManifest.xml:22:5-20
MERGED from [com.android.support:support-v4:23.1.0] AndroidManifest.xml:22:5-20
MERGED from [com.facebook.android:facebook-android-sdk:4.7.0] AndroidManifest.xml:28:5-20
MERGED from [com.android.support:support-v4:23.1.0] AndroidManifest.xml:22:5-20
	android:label
		ADDED from src\main\AndroidManifest.xml:20:9-41
	android:allowBackup
		ADDED from src\main\AndroidManifest.xml:18:9-35
	android:icon
		ADDED from src\main\AndroidManifest.xml:19:9-43
	android:theme
		ADDED from src\main\AndroidManifest.xml:21:9-40
activity#com.awakenguys.kmitl.ladkrabangcountry.MainActivity
ADDED from src\main\AndroidManifest.xml:22:9-32:20
	android:screenOrientation
		ADDED from src\main\AndroidManifest.xml:25:13-49
	android:label
		ADDED from src\main\AndroidManifest.xml:24:13-45
	android:name
		ADDED from src\main\AndroidManifest.xml:23:13-41
intent-filter#android.intent.action.MAIN+android.intent.category.LAUNCHER
ADDED from src\main\AndroidManifest.xml:26:13-30:29
action#android.intent.action.MAIN
ADDED from src\main\AndroidManifest.xml:27:17-69
	android:name
		ADDED from src\main\AndroidManifest.xml:27:25-66
category#android.intent.category.LAUNCHER
ADDED from src\main\AndroidManifest.xml:29:17-77
	android:name
		ADDED from src\main\AndroidManifest.xml:29:27-74
activity#com.facebook.FacebookActivity
ADDED from src\main\AndroidManifest.xml:34:9-39:51
	android:screenOrientation
		ADDED from src\main\AndroidManifest.xml:39:13-49
	android:label
		ADDED from src\main\AndroidManifest.xml:38:13-45
	android:configChanges
		ADDED from src\main\AndroidManifest.xml:35:13-114
	android:theme
		ADDED from src\main\AndroidManifest.xml:37:13-72
	android:name
		ADDED from src\main\AndroidManifest.xml:34:19-63
meta-data#com.facebook.sdk.ApplicationId
ADDED from src\main\AndroidManifest.xml:43:9-45:55
	android:value
		ADDED from src\main\AndroidManifest.xml:45:13-52
	android:name
		ADDED from src\main\AndroidManifest.xml:44:13-58
meta-data#com.google.android.gms.version
ADDED from src\main\AndroidManifest.xml:46:9-48:69
MERGED from [com.google.android.gms:play-services-basement:8.1.0] AndroidManifest.xml:21:9-23:69
	android:value
		ADDED from src\main\AndroidManifest.xml:48:13-66
	android:name
		ADDED from src\main\AndroidManifest.xml:47:13-58
meta-data#com.google.android.maps.v2.API_KEY
ADDED from src\main\AndroidManifest.xml:49:9-51:55
	android:value
		ADDED from src\main\AndroidManifest.xml:51:13-52
	android:name
		ADDED from src\main\AndroidManifest.xml:50:13-62
activity#com.awakenguys.kmitl.ladkrabangcountry.CatList
ADDED from src\main\AndroidManifest.xml:55:9-56:20
	android:name
		ADDED from src\main\AndroidManifest.xml:55:19-42
activity#com.awakenguys.kmitl.ladkrabangcountry.PlaceList
ADDED from src\main\AndroidManifest.xml:57:9-47
	android:name
		ADDED from src\main\AndroidManifest.xml:57:19-44
activity#com.awakenguys.kmitl.ladkrabangcountry.Authentication
ADDED from src\main\AndroidManifest.xml:58:9-52
	android:name
		ADDED from src\main\AndroidManifest.xml:58:19-49
activity#com.awakenguys.kmitl.ladkrabangcountry.Building
ADDED from src\main\AndroidManifest.xml:59:9-61:20
	android:screenOrientation
		ADDED from src\main\AndroidManifest.xml:60:13-49
	android:name
		ADDED from src\main\AndroidManifest.xml:59:19-43
activity#com.awakenguys.kmitl.ladkrabangcountry.BuildingProvider
ADDED from src\main\AndroidManifest.xml:62:9-65:20
	android:screenOrientation
		ADDED from src\main\AndroidManifest.xml:63:13-49
	android:name
		ADDED from src\main\AndroidManifest.xml:62:19-51
activity#com.awakenguys.kmitl.ladkrabangcountry.MapsActivity
ADDED from src\main\AndroidManifest.xml:66:9-70:20
	android:screenOrientation
		ADDED from src\main\AndroidManifest.xml:69:13-49
	android:label
		ADDED from src\main\AndroidManifest.xml:68:13-56
	android:name
		ADDED from src\main\AndroidManifest.xml:67:13-41
activity#com.awakenguys.kmitl.ladkrabangcountry.Main_Place
ADDED from src\main\AndroidManifest.xml:71:9-76:20
	android:label
		ADDED from src\main\AndroidManifest.xml:74:13-65
	android:name
		ADDED from src\main\AndroidManifest.xml:73:13-39
activity#com.awakenguys.kmitl.ladkrabangcountry.Main_Tran
ADDED from src\main\AndroidManifest.xml:77:9-81:20
	android:screenOrientation
		ADDED from src\main\AndroidManifest.xml:80:13-49
	android:label
		ADDED from src\main\AndroidManifest.xml:79:13-62
	android:name
		ADDED from src\main\AndroidManifest.xml:78:13-38
activity#com.awakenguys.kmitl.ladkrabangcountry.tran_train
ADDED from src\main\AndroidManifest.xml:83:9-87:20
	android:screenOrientation
		ADDED from src\main\AndroidManifest.xml:86:13-49
	android:label
		ADDED from src\main\AndroidManifest.xml:85:13-62
	android:name
		ADDED from src\main\AndroidManifest.xml:84:13-39
activity#com.awakenguys.kmitl.ladkrabangcountry.Tran_Train
ADDED from src\main\AndroidManifest.xml:88:9-92:20
	android:screenOrientation
		ADDED from src\main\AndroidManifest.xml:91:13-49
	android:label
		ADDED from src\main\AndroidManifest.xml:90:13-63
	android:name
		ADDED from src\main\AndroidManifest.xml:89:13-39
activity#com.awakenguys.kmitl.ladkrabangcountry.Menu_Van
ADDED from src\main\AndroidManifest.xml:93:9-97:20
	android:screenOrientation
		ADDED from src\main\AndroidManifest.xml:96:13-49
	android:label
		ADDED from src\main\AndroidManifest.xml:95:13-61
	android:name
		ADDED from src\main\AndroidManifest.xml:94:13-37
activity#com.awakenguys.kmitl.ladkrabangcountry.Tran_Van
ADDED from src\main\AndroidManifest.xml:98:9-102:20
	android:screenOrientation
		ADDED from src\main\AndroidManifest.xml:101:13-49
	android:label
		ADDED from src\main\AndroidManifest.xml:100:13-61
	android:name
		ADDED from src\main\AndroidManifest.xml:99:13-37
activity#com.awakenguys.kmitl.ladkrabangcountry.Tran_Bus
ADDED from src\main\AndroidManifest.xml:103:9-107:20
	android:screenOrientation
		ADDED from src\main\AndroidManifest.xml:106:13-49
	android:label
		ADDED from src\main\AndroidManifest.xml:105:13-61
	android:name
		ADDED from src\main\AndroidManifest.xml:104:13-37
activity#com.awakenguys.kmitl.ladkrabangcountry.Tran_Motorcycle
ADDED from src\main\AndroidManifest.xml:108:9-112:20
	android:screenOrientation
		ADDED from src\main\AndroidManifest.xml:111:13-49
	android:label
		ADDED from src\main\AndroidManifest.xml:110:13-68
	android:name
		ADDED from src\main\AndroidManifest.xml:109:13-44
activity#com.awakenguys.kmitl.ladkrabangcountry.LogInActivity
ADDED from src\main\AndroidManifest.xml:113:9-118:20
	android:screenOrientation
		ADDED from src\main\AndroidManifest.xml:116:13-49
	android:label
		ADDED from src\main\AndroidManifest.xml:115:13-55
	android:name
		ADDED from src\main\AndroidManifest.xml:114:13-42
activity#com.awakenguys.kmitl.ladkrabangcountry.TableTrainOut
ADDED from src\main\AndroidManifest.xml:119:9-123:20
	android:screenOrientation
		ADDED from src\main\AndroidManifest.xml:122:13-49
	android:label
		ADDED from src\main\AndroidManifest.xml:121:13-66
	android:name
		ADDED from src\main\AndroidManifest.xml:120:13-42
activity#com.awakenguys.kmitl.ladkrabangcountry.ContactUs
ADDED from src\main\AndroidManifest.xml:124:9-129:20
	android:label
		ADDED from src\main\AndroidManifest.xml:127:13-62
	android:name
		ADDED from src\main\AndroidManifest.xml:126:13-38
activity#com.awakenguys.kmitl.ladkrabangcountry.Van_Map_1
ADDED from src\main\AndroidManifest.xml:130:9-134:20
	android:screenOrientation
		ADDED from src\main\AndroidManifest.xml:133:13-49
	android:label
		ADDED from src\main\AndroidManifest.xml:132:13-62
	android:name
		ADDED from src\main\AndroidManifest.xml:131:13-38
activity#com.awakenguys.kmitl.ladkrabangcountry.Van_Map_2
ADDED from src\main\AndroidManifest.xml:135:9-139:20
	android:screenOrientation
		ADDED from src\main\AndroidManifest.xml:138:13-49
	android:label
		ADDED from src\main\AndroidManifest.xml:137:13-62
	android:name
		ADDED from src\main\AndroidManifest.xml:136:13-38
activity#com.awakenguys.kmitl.ladkrabangcountry.SearchPage
ADDED from src\main\AndroidManifest.xml:140:9-144:20
	android:screenOrientation
		ADDED from src\main\AndroidManifest.xml:143:13-49
	android:label
		ADDED from src\main\AndroidManifest.xml:142:13-63
	android:name
		ADDED from src\main\AndroidManifest.xml:141:13-39
activity#com.awakenguys.kmitl.ladkrabangcountry.Post
ADDED from src\main\AndroidManifest.xml:145:9-149:20
	android:screenOrientation
		ADDED from src\main\AndroidManifest.xml:148:13-49
	android:label
		ADDED from src\main\AndroidManifest.xml:147:13-56
	android:name
		ADDED from src\main\AndroidManifest.xml:146:13-33
activity#com.awakenguys.kmitl.ladkrabangcountry.Main_Review
ADDED from src\main\AndroidManifest.xml:150:9-154:20
	android:screenOrientation
		ADDED from src\main\AndroidManifest.xml:153:13-49
	android:label
		ADDED from src\main\AndroidManifest.xml:152:13-64
	android:name
		ADDED from src\main\AndroidManifest.xml:151:13-40
activity#com.awakenguys.kmitl.ladkrabangcountry.Tran_Bus_second
ADDED from src\main\AndroidManifest.xml:156:9-160:20
	android:screenOrientation
		ADDED from src\main\AndroidManifest.xml:159:13-49
	android:label
		ADDED from src\main\AndroidManifest.xml:158:13-68
	android:name
		ADDED from src\main\AndroidManifest.xml:157:13-44
activity#com.awakenguys.kmitl.ladkrabangcountry.Tran_Bus_Second
ADDED from src\main\AndroidManifest.xml:161:9-165:20
	android:screenOrientation
		ADDED from src\main\AndroidManifest.xml:164:13-49
	android:label
		ADDED from src\main\AndroidManifest.xml:163:13-69
	android:name
		ADDED from src\main\AndroidManifest.xml:162:13-44
uses-sdk
INJECTED from src\main\AndroidManifest.xml reason: use-sdk injection requested
MERGED from [com.google.android.gms:play-services-maps:8.1.0] AndroidManifest.xml:27:5-42
MERGED from [com.google.android.gms:play-services-base:8.1.0] AndroidManifest.xml:18:5-42
MERGED from [com.google.android.gms:play-services-basement:8.1.0] AndroidManifest.xml:18:5-42
MERGED from [com.android.support:support-v4:23.1.0] AndroidManifest.xml:20:5-43
MERGED from [com.android.support:appcompat-v7:23.1.0] AndroidManifest.xml:20:5-43
MERGED from [com.android.support:support-v4:23.1.0] AndroidManifest.xml:20:5-43
MERGED from [com.facebook.android:facebook-android-sdk:4.7.0] AndroidManifest.xml:24:5-26:41
MERGED from [com.android.support:support-v4:23.1.0] AndroidManifest.xml:20:5-43
	android:targetSdkVersion
		INJECTED from src\main\AndroidManifest.xml
		INJECTED from src\main\AndroidManifest.xml
	android:minSdkVersion
		INJECTED from src\main\AndroidManifest.xml
		INJECTED from src\main\AndroidManifest.xml
uses-feature#0x00020000
ADDED from [com.google.android.gms:play-services-maps:8.1.0] AndroidManifest.xml:23:5-25:33
	android:glEsVersion
		ADDED from [com.google.android.gms:play-services-maps:8.1.0] AndroidManifest.xml:24:8-40
	android:required
		ADDED from [com.google.android.gms:play-services-maps:8.1.0] AndroidManifest.xml:25:8-31
android:uses-permission#android.permission.READ_EXTERNAL_STORAGE
IMPLIED from src\main\AndroidManifest.xml:2:1-168:12 reason: com.google.android.gms.maps requested WRITE_EXTERNAL_STORAGE